Determining if the pthread_create exist failed with the following output:
Change Dir: /home/thai/minio/kineticd/CMakeFiles/CMakeTmp

Run Build Command:"/usr/bin/make" "cmTC_93076/fast"
/usr/bin/make -f CMakeFiles/cmTC_93076.dir/build.make CMakeFiles/cmTC_93076.dir/build
make[1]: Entering directory '/home/thai/minio/kineticd/CMakeFiles/CMakeTmp'
Building C object CMakeFiles/cmTC_93076.dir/CheckSymbolExists.c.o
/usr/bin/cc     -o CMakeFiles/cmTC_93076.dir/CheckSymbolExists.c.o   -c /home/thai/minio/kineticd/CMakeFiles/CMakeTmp/CheckSymbolExists.c
Linking C executable cmTC_93076
/usr/bin/cmake -E cmake_link_script CMakeFiles/cmTC_93076.dir/link.txt --verbose=1
/usr/bin/cc       CMakeFiles/cmTC_93076.dir/CheckSymbolExists.c.o  -o cmTC_93076 -rdynamic 
CMakeFiles/cmTC_93076.dir/CheckSymbolExists.c.o: In function `main':
CheckSymbolExists.c:(.text+0x16): undefined reference to `pthread_create'
collect2: error: ld returned 1 exit status
CMakeFiles/cmTC_93076.dir/build.make:97: recipe for target 'cmTC_93076' failed
make[1]: *** [cmTC_93076] Error 1
make[1]: Leaving directory '/home/thai/minio/kineticd/CMakeFiles/CMakeTmp'
Makefile:126: recipe for target 'cmTC_93076/fast' failed
make: *** [cmTC_93076/fast] Error 2

File /home/thai/minio/kineticd/CMakeFiles/CMakeTmp/CheckSymbolExists.c:
/* */
#include <pthread.h>

int main(int argc, char** argv)
{
  (void)argv;
#ifndef pthread_create
  return ((int*)(&pthread_create))[argc];
#else
  (void)argc;
  return 0;
#endif
}

Determining if the function pthread_create exists in the pthreads failed with the following output:
Change Dir: /home/thai/minio/kineticd/CMakeFiles/CMakeTmp

Run Build Command:"/usr/bin/make" "cmTC_5b4fc/fast"
/usr/bin/make -f CMakeFiles/cmTC_5b4fc.dir/build.make CMakeFiles/cmTC_5b4fc.dir/build
make[1]: Entering directory '/home/thai/minio/kineticd/CMakeFiles/CMakeTmp'
Building C object CMakeFiles/cmTC_5b4fc.dir/CheckFunctionExists.c.o
/usr/bin/cc    -DCHECK_FUNCTION_EXISTS=pthread_create   -o CMakeFiles/cmTC_5b4fc.dir/CheckFunctionExists.c.o   -c /usr/share/cmake-3.5/Modules/CheckFunctionExists.c
Linking C executable cmTC_5b4fc
/usr/bin/cmake -E cmake_link_script CMakeFiles/cmTC_5b4fc.dir/link.txt --verbose=1
/usr/bin/cc   -DCHECK_FUNCTION_EXISTS=pthread_create    CMakeFiles/cmTC_5b4fc.dir/CheckFunctionExists.c.o  -o cmTC_5b4fc -rdynamic -lpthreads 
/usr/bin/ld: cannot find -lpthreads
collect2: error: ld returned 1 exit status
CMakeFiles/cmTC_5b4fc.dir/build.make:97: recipe for target 'cmTC_5b4fc' failed
make[1]: *** [cmTC_5b4fc] Error 1
make[1]: Leaving directory '/home/thai/minio/kineticd/CMakeFiles/CMakeTmp'
Makefile:126: recipe for target 'cmTC_5b4fc/fast' failed
make: *** [cmTC_5b4fc/fast] Error 2


